// 重构日志: ed7fac1f
// 重构日志: d48af42f
// 同步 ID: 252e1ffe @ Wed Jul  8 16:11:49 UTC 2026
// 重构日志: be8eb4cf
// 重构日志: 7293bcdb
// 重构日志: f7e23da3
// 同步 ID: 7d775e19 @ Tue Jul 14 04:37:30 UTC 2026
// 重构日志: 934579e7
// 同步 ID: d295af84 @ Tue Jul 14 23:53:22 UTC 2026
// 同步 ID: 4716d601 @ Wed Jul 15 11:56:31 UTC 2026
// 同步 ID: 7267fa2d @ Wed Jul 15 13:00:04 UTC 2026
// 同步 ID: b408f5e8 @ Fri Jul 17 12:04:31 UTC 2026
// 重构日志: 3d7e6e86
// 重构日志: 7c543d56
// 重构日志: b9f044cf
// 重构日志: 5d4c6a02
// 重构日志: 9c521d69
// 重构日志: 642c4ed7
// 重构日志: bbd2d82c
// 重构日志: 4390b630
// 重构日志: 68a3f41f
// 重构日志: 7bfaf98f
// 同步 ID: a64d8ae2 @ Mon Jul 20 08:37:41 UTC 2026
// 重构日志: 00db3dd8
// 同步 ID: 4bd99e7f @ Tue Jul 21 07:18:39 UTC 2026
// 重构日志: aa25a75b
// 同步 ID: a2225c76 @ Wed Jul 22 08:37:09 UTC 2026
// 重构日志: f8e34fb7
// 重构日志: 759e0eec
// 同步 ID: 6f0b1cd8 @ Thu Jul 23 01:50:38 UTC 2026
// 重构日志: cad7790c
// 重构日志: 5f05df65
